<?xml version="1.0" encoding="UTF-8"?>
<testsuite xmlns:xsi="http://www.w3.org/2001/XMLSchema-instance" xsi:noNamespaceSchemaLocation="https://maven.apache.org/surefire/maven-failsafe-plugin/xsd/failsafe-test-report-3.0.xsd" version="3.0" name="com.serenity.apiTests.CreateStudentTest" time="1.837" tests="10" errors="0" skipped="0" failures="0">
  <properties>
    <property name="java.specification.version" value="17"/>
    <property name="sun.jnu.encoding" value="UTF-8"/>
    <property name="java.class.path" value="/Users/hajorasltd/IdeaProjects/serenirt-bbd-api-tests/target/test-classes:/Users/hajorasltd/IdeaProjects/serenirt-bbd-api-tests/target/serenirt-bbd-api-tests-1.0-SNAPSHOT.jar:/Users/hajorasltd/.m2/repository/net/serenity-bdd/serenity-core/4.0.15/serenity-core-4.0.15.jar:/Users/hajorasltd/.m2/repository/net/serenity-bdd/serenity-model/4.0.15/serenity-model-4.0.15.jar:/Users/hajorasltd/.m2/repository/org/apache/commons/commons-text/1.10.0/commons-text-1.10.0.jar:/Users/hajorasltd/.m2/repository/commons-net/commons-net/3.9.0/commons-net-3.9.0.jar:/Users/hajorasltd/.m2/repository/com/google/guava/guava/32.1.2-jre/guava-32.1.2-jre.jar:/Users/hajorasltd/.m2/repository/com/google/guava/failureaccess/1.0.1/failureaccess-1.0.1.jar:/Users/hajorasltd/.m2/repository/com/google/guava/listenablefuture/9999.0-empty-to-avoid-conflict-with-guava/listenablefuture-9999.0-empty-to-avoid-conflict-with-guava.jar:/Users/hajorasltd/.m2/repository/com/google/code/findbugs/jsr305/3.0.2/jsr305-3.0.2.jar:/Users/hajorasltd/.m2/repository/org/checkerframework/checker-qual/3.33.0/checker-qual-3.33.0.jar:/Users/hajorasltd/.m2/repository/com/google/errorprone/error_prone_annotations/2.18.0/error_prone_annotations-2.18.0.jar:/Users/hajorasltd/.m2/repository/com/google/j2objc/j2objc-annotations/2.8/j2objc-annotations-2.8.jar:/Users/hajorasltd/.m2/repository/org/jsoup/jsoup/1.15.4/jsoup-1.15.4.jar:/Users/hajorasltd/.m2/repository/com/thoughtworks/xstream/xstream/1.4.20/xstream-1.4.20.jar:/Users/hajorasltd/.m2/repository/io/github/x-stream/mxparser/1.2.2/mxparser-1.2.2.jar:/Users/hajorasltd/.m2/repository/xmlpull/xmlpull/1.1.3.1/xmlpull-1.1.3.1.jar:/Users/hajorasltd/.m2/repository/io/cucumber/cucumber-core/7.14.0/cucumber-core-7.14.0.jar:/Users/hajorasltd/.m2/repository/io/cucumber/cucumber-gherkin/7.14.0/cucumber-gherkin-7.14.0.jar:/Users/hajorasltd/.m2/repository/io/cucumber/cucumber-gherkin-messages/7.14.0/cucumber-gherkin-messages-7.14.0.jar:/Users/hajorasltd/.m2/repository/io/cucumber/gherkin/26.2.0/gherkin-26.2.0.jar:/Users/hajorasltd/.m2/repository/io/cucumber/messages/22.0.0/messages-22.0.0.jar:/Users/hajorasltd/.m2/repository/io/cucumber/tag-expressions/5.0.6/tag-expressions-5.0.6.jar:/Users/hajorasltd/.m2/repository/io/cucumber/cucumber-expressions/16.1.2/cucumber-expressions-16.1.2.jar:/Users/hajorasltd/.m2/repository/io/cucumber/datatable/7.14.0/datatable-7.14.0.jar:/Users/hajorasltd/.m2/repository/io/cucumber/cucumber-plugin/7.14.0/cucumber-plugin-7.14.0.jar:/Users/hajorasltd/.m2/repository/io/cucumber/docstring/7.14.0/docstring-7.14.0.jar:/Users/hajorasltd/.m2/repository/io/cucumber/html-formatter/20.4.0/html-formatter-20.4.0.jar:/Users/hajorasltd/.m2/repository/io/cucumber/junit-xml-formatter/0.2.0/junit-xml-formatter-0.2.0.jar:/Users/hajorasltd/.m2/repository/io/cucumber/ci-environment/9.2.0/ci-environment-9.2.0.jar:/Users/hajorasltd/.m2/repository/io/cucumber/cucumber-java/7.14.0/cucumber-java-7.14.0.jar:/Users/hajorasltd/.m2/repository/com/typesafe/config/1.4.2/config-1.4.2.jar:/Users/hajorasltd/.m2/repository/org/imgscalr/imgscalr-lib/4.2/imgscalr-lib-4.2.jar:/Users/hajorasltd/.m2/repository/org/awaitility/awaitility/4.2.0/awaitility-4.2.0.jar:/Users/hajorasltd/.m2/repository/org/freemarker/freemarker/2.3.32/freemarker-2.3.32.jar:/Users/hajorasltd/.m2/repository/io/github/classgraph/classgraph/4.8.157/classgraph-4.8.157.jar:/Users/hajorasltd/.m2/repository/com/github/ben-manes/caffeine/caffeine/2.9.2/caffeine-2.9.2.jar:/Users/hajorasltd/.m2/repository/org/ehcache/ehcache/3.10.8/ehcache-3.10.8.jar:/Users/hajorasltd/.m2/repository/javax/cache/cache-api/1.1.0/cache-api-1.1.0.jar:/Users/hajorasltd/.m2/repository/net/sourceforge/jexcelapi/jxl/2.6.12/jxl-2.6.12.jar:/Users/hajorasltd/.m2/repository/net/bytebuddy/byte-buddy/1.14.7/byte-buddy-1.14.7.jar:/Users/hajorasltd/.m2/repository/net/bytebuddy/byte-buddy-agent/1.14.7/byte-buddy-agent-1.14.7.jar:/Users/hajorasltd/.m2/repository/org/objenesis/objenesis/3.3/objenesis-3.3.jar:/Users/hajorasltd/.m2/repository/com/vladsch/flexmark/flexmark-all/0.64.8/flexmark-all-0.64.8.jar:/Users/hajorasltd/.m2/repository/com/vladsch/flexmark/flexmark/0.64.8/flexmark-0.64.8.jar:/Users/hajorasltd/.m2/repository/com/vladsch/flexmark/flexmark-ext-abbreviation/0.64.8/flexmark-ext-abbreviation-0.64.8.jar:/Users/hajorasltd/.m2/repository/com/vladsch/flexmark/flexmark-ext-admonition/0.64.8/flexmark-ext-admonition-0.64.8.jar:/Users/hajorasltd/.m2/repository/com/vladsch/flexmark/flexmark-ext-anchorlink/0.64.8/flexmark-ext-anchorlink-0.64.8.jar:/Users/hajorasltd/.m2/repository/com/vladsch/flexmark/flexmark-ext-aside/0.64.8/flexmark-ext-aside-0.64.8.jar:/Users/hajorasltd/.m2/repository/com/vladsch/flexmark/flexmark-ext-attributes/0.64.8/flexmark-ext-attributes-0.64.8.jar:/Users/hajorasltd/.m2/repository/com/vladsch/flexmark/flexmark-ext-autolink/0.64.8/flexmark-ext-autolink-0.64.8.jar:/Users/hajorasltd/.m2/repository/org/nibor/autolink/autolink/0.6.0/autolink-0.6.0.jar:/Users/hajorasltd/.m2/repository/com/vladsch/flexmark/flexmark-ext-definition/0.64.8/flexmark-ext-definition-0.64.8.jar:/Users/hajorasltd/.m2/repository/com/vladsch/flexmark/flexmark-ext-emoji/0.64.8/flexmark-ext-emoji-0.64.8.jar:/Users/hajorasltd/.m2/repository/com/vladsch/flexmark/flexmark-ext-enumerated-reference/0.64.8/flexmark-ext-enumerated-reference-0.64.8.jar:/Users/hajorasltd/.m2/repository/com/vladsch/flexmark/flexmark-ext-escaped-character/0.64.8/flexmark-ext-escaped-character-0.64.8.jar:/Users/hajorasltd/.m2/repository/com/vladsch/flexmark/flexmark-ext-footnotes/0.64.8/flexmark-ext-footnotes-0.64.8.jar:/Users/hajorasltd/.m2/repository/com/vladsch/flexmark/flexmark-ext-gfm-issues/0.64.8/flexmark-ext-gfm-issues-0.64.8.jar:/Users/hajorasltd/.m2/repository/com/vladsch/flexmark/flexmark-ext-gfm-strikethrough/0.64.8/flexmark-ext-gfm-strikethrough-0.64.8.jar:/Users/hajorasltd/.m2/repository/com/vladsch/flexmark/flexmark-ext-gfm-tasklist/0.64.8/flexmark-ext-gfm-tasklist-0.64.8.jar:/Users/hajorasltd/.m2/repository/com/vladsch/flexmark/flexmark-ext-gfm-users/0.64.8/flexmark-ext-gfm-users-0.64.8.jar:/Users/hajorasltd/.m2/repository/com/vladsch/flexmark/flexmark-ext-gitlab/0.64.8/flexmark-ext-gitlab-0.64.8.jar:/Users/hajorasltd/.m2/repository/com/vladsch/flexmark/flexmark-ext-jekyll-front-matter/0.64.8/flexmark-ext-jekyll-front-matter-0.64.8.jar:/Users/hajorasltd/.m2/repository/com/vladsch/flexmark/flexmark-ext-jekyll-tag/0.64.8/flexmark-ext-jekyll-tag-0.64.8.jar:/Users/hajorasltd/.m2/repository/com/vladsch/flexmark/flexmark-ext-media-tags/0.64.8/flexmark-ext-media-tags-0.64.8.jar:/Users/hajorasltd/.m2/repository/com/vladsch/flexmark/flexmark-ext-macros/0.64.8/flexmark-ext-macros-0.64.8.jar:/Users/hajorasltd/.m2/repository/com/vladsch/flexmark/flexmark-ext-ins/0.64.8/flexmark-ext-ins-0.64.8.jar:/Users/hajorasltd/.m2/repository/com/vladsch/flexmark/flexmark-ext-xwiki-macros/0.64.8/flexmark-ext-xwiki-macros-0.64.8.jar:/Users/hajorasltd/.m2/repository/com/vladsch/flexmark/flexmark-ext-superscript/0.64.8/flexmark-ext-superscript-0.64.8.jar:/Users/hajorasltd/.m2/repository/com/vladsch/flexmark/flexmark-ext-toc/0.64.8/flexmark-ext-toc-0.64.8.jar:/Users/hajorasltd/.m2/repository/com/vladsch/flexmark/flexmark-ext-typographic/0.64.8/flexmark-ext-typographic-0.64.8.jar:/Users/hajorasltd/.m2/repository/com/vladsch/flexmark/flexmark-ext-wikilink/0.64.8/flexmark-ext-wikilink-0.64.8.jar:/Users/hajorasltd/.m2/repository/com/vladsch/flexmark/flexmark-ext-yaml-front-matter/0.64.8/flexmark-ext-yaml-front-matter-0.64.8.jar:/Users/hajorasltd/.m2/repository/com/vladsch/flexmark/flexmark-ext-youtube-embedded/0.64.8/flexmark-ext-youtube-embedded-0.64.8.jar:/Users/hajorasltd/.m2/repository/com/vladsch/flexmark/flexmark-html2md-converter/0.64.8/flexmark-html2md-converter-0.64.8.jar:/Users/hajorasltd/.m2/repository/com/vladsch/flexmark/flexmark-jira-converter/0.64.8/flexmark-jira-converter-0.64.8.jar:/Users/hajorasltd/.m2/repository/com/vladsch/flexmark/flexmark-pdf-converter/0.64.8/flexmark-pdf-converter-0.64.8.jar:/Users/hajorasltd/.m2/repository/com/openhtmltopdf/openhtmltopdf-core/1.0.10/openhtmltopdf-core-1.0.10.jar:/Users/hajorasltd/.m2/repository/com/openhtmltopdf/openhtmltopdf-pdfbox/1.0.10/openhtmltopdf-pdfbox-1.0.10.jar:/Users/hajorasltd/.m2/repository/org/apache/pdfbox/pdfbox/2.0.24/pdfbox-2.0.24.jar:/Users/hajorasltd/.m2/repository/org/apache/pdfbox/fontbox/2.0.24/fontbox-2.0.24.jar:/Users/hajorasltd/.m2/repository/org/apache/pdfbox/xmpbox/2.0.24/xmpbox-2.0.24.jar:/Users/hajorasltd/.m2/repository/de/rototor/pdfbox/graphics2d/0.32/graphics2d-0.32.jar:/Users/hajorasltd/.m2/repository/com/openhtmltopdf/openhtmltopdf-rtl-support/1.0.10/openhtmltopdf-rtl-support-1.0.10.jar:/Users/hajorasltd/.m2/repository/com/vladsch/flexmark/flexmark-profile-pegdown/0.64.8/flexmark-profile-pegdown-0.64.8.jar:/Users/hajorasltd/.m2/repository/com/vladsch/flexmark/flexmark-util-ast/0.64.8/flexmark-util-ast-0.64.8.jar:/Users/hajorasltd/.m2/repository/org/jetbrains/annotations/24.0.1/annotations-24.0.1.jar:/Users/hajorasltd/.m2/repository/com/vladsch/flexmark/flexmark-util-builder/0.64.8/flexmark-util-builder-0.64.8.jar:/Users/hajorasltd/.m2/repository/com/vladsch/flexmark/flexmark-util-collection/0.64.8/flexmark-util-collection-0.64.8.jar:/Users/hajorasltd/.m2/repository/com/vladsch/flexmark/flexmark-util-data/0.64.8/flexmark-util-data-0.64.8.jar:/Users/hajorasltd/.m2/repository/com/vladsch/flexmark/flexmark-util-dependency/0.64.8/flexmark-util-dependency-0.64.8.jar:/Users/hajorasltd/.m2/repository/com/vladsch/flexmark/flexmark-util-format/0.64.8/flexmark-util-format-0.64.8.jar:/Users/hajorasltd/.m2/repository/com/vladsch/flexmark/flexmark-util-html/0.64.8/flexmark-util-html-0.64.8.jar:/Users/hajorasltd/.m2/repository/com/vladsch/flexmark/flexmark-util-misc/0.64.8/flexmark-util-misc-0.64.8.jar:/Users/hajorasltd/.m2/repository/com/vladsch/flexmark/flexmark-util-options/0.64.8/flexmark-util-options-0.64.8.jar:/Users/hajorasltd/.m2/repository/com/vladsch/flexmark/flexmark-util-sequence/0.64.8/flexmark-util-sequence-0.64.8.jar:/Users/hajorasltd/.m2/repository/com/vladsch/flexmark/flexmark-util-visitor/0.64.8/flexmark-util-visitor-0.64.8.jar:/Users/hajorasltd/.m2/repository/com/vladsch/flexmark/flexmark-youtrack-converter/0.64.8/flexmark-youtrack-converter-0.64.8.jar:/Users/hajorasltd/.m2/repository/com/vladsch/flexmark/flexmark-ext-resizable-image/0.64.8/flexmark-ext-resizable-image-0.64.8.jar:/Users/hajorasltd/.m2/repository/com/vladsch/flexmark/flexmark-ext-tables/0.64.8/flexmark-ext-tables-0.64.8.jar:/Users/hajorasltd/.m2/repository/com/vladsch/flexmark/flexmark-util/0.64.8/flexmark-util-0.64.8.jar:/Users/hajorasltd/.m2/repository/net/serenity-bdd/serenity-reports/4.0.15/serenity-reports-4.0.15.jar:/Users/hajorasltd/.m2/repository/net/serenity-bdd/serenity-stats/4.0.15/serenity-stats-4.0.15.jar:/Users/hajorasltd/.m2/repository/org/jetbrains/kotlin/kotlin-stdlib/1.9.0/kotlin-stdlib-1.9.0.jar:/Users/hajorasltd/.m2/repository/org/jetbrains/kotlin/kotlin-stdlib-common/1.9.0/kotlin-stdlib-common-1.9.0.jar:/Users/hajorasltd/.m2/repository/net/serenity-bdd/serenity-reports-configuration/4.0.15/serenity-reports-configuration-4.0.15.jar:/Users/hajorasltd/.m2/repository/com/ibm/icu/icu4j/72.1/icu4j-72.1.jar:/Users/hajorasltd/.m2/repository/es/nitaur/markdown/txtmark/0.16/txtmark-0.16.jar:/Users/hajorasltd/.m2/repository/net/serenity-bdd/serenity-report-resources/4.0.15/serenity-report-resources-4.0.15.jar:/Users/hajorasltd/.m2/repository/com/google/code/gson/gson/2.10.1/gson-2.10.1.jar:/Users/hajorasltd/.m2/repository/com/fasterxml/jackson/core/jackson-core/2.15.2/jackson-core-2.15.2.jar:/Users/hajorasltd/.m2/repository/com/fasterxml/jackson/core/jackson-databind/2.15.2/jackson-databind-2.15.2.jar:/Users/hajorasltd/.m2/repository/com/fasterxml/jackson/core/jackson-annotations/2.15.2/jackson-annotations-2.15.2.jar:/Users/hajorasltd/.m2/repository/commons-codec/commons-codec/1.16.0/commons-codec-1.16.0.jar:/Users/hajorasltd/.m2/repository/commons-io/commons-io/2.11.0/commons-io-2.11.0.jar:/Users/hajorasltd/.m2/repository/org/apache/httpcomponents/httpclient/4.5.13/httpclient-4.5.13.jar:/Users/hajorasltd/.m2/repository/org/apache/httpcomponents/httpcore/4.4.13/httpcore-4.4.13.jar:/Users/hajorasltd/.m2/repository/commons-logging/commons-logging/1.2/commons-logging-1.2.jar:/Users/hajorasltd/.m2/repository/org/seleniumhq/selenium/selenium-java/4.14.1/selenium-java-4.14.1.jar:/Users/hajorasltd/.m2/repository/org/seleniumhq/selenium/selenium-devtools-v116/4.14.1/selenium-devtools-v116-4.14.1.jar:/Users/hajorasltd/.m2/repository/org/seleniumhq/selenium/selenium-devtools-v117/4.14.1/selenium-devtools-v117-4.14.1.jar:/Users/hajorasltd/.m2/repository/org/seleniumhq/selenium/selenium-devtools-v118/4.14.1/selenium-devtools-v118-4.14.1.jar:/Users/hajorasltd/.m2/repository/org/seleniumhq/selenium/selenium-devtools-v85/4.14.1/selenium-devtools-v85-4.14.1.jar:/Users/hajorasltd/.m2/repository/org/seleniumhq/selenium/selenium-remote-driver/4.14.1/selenium-remote-driver-4.14.1.jar:/Users/hajorasltd/.m2/repository/io/opentelemetry/opentelemetry-api/1.28.0/opentelemetry-api-1.28.0.jar:/Users/hajorasltd/.m2/repository/io/opentelemetry/opentelemetry-context/1.28.0/opentelemetry-context-1.28.0.jar:/Users/hajorasltd/.m2/repository/io/opentelemetry/opentelemetry-exporter-logging/1.28.0/opentelemetry-exporter-logging-1.28.0.jar:/Users/hajorasltd/.m2/repository/io/opentelemetry/opentelemetry-sdk-metrics/1.28.0/opentelemetry-sdk-metrics-1.28.0.jar:/Users/hajorasltd/.m2/repository/io/opentelemetry/opentelemetry-extension-incubator/1.28.0-alpha/opentelemetry-extension-incubator-1.28.0-alpha.jar:/Users/hajorasltd/.m2/repository/io/opentelemetry/opentelemetry-sdk-logs/1.28.0/opentelemetry-sdk-logs-1.28.0.jar:/Users/hajorasltd/.m2/repository/io/opentelemetry/opentelemetry-sdk-common/1.28.0/opentelemetry-sdk-common-1.28.0.jar:/Users/hajorasltd/.m2/repository/io/opentelemetry/opentelemetry-sdk-extension-autoconfigure-spi/1.28.0/opentelemetry-sdk-extension-autoconfigure-spi-1.28.0.jar:/Users/hajorasltd/.m2/repository/io/opentelemetry/opentelemetry-sdk-extension-autoconfigure/1.28.0/opentelemetry-sdk-extension-autoconfigure-1.28.0.jar:/Users/hajorasltd/.m2/repository/io/opentelemetry/opentelemetry-api-events/1.28.0-alpha/opentelemetry-api-events-1.28.0-alpha.jar:/Users/hajorasltd/.m2/repository/io/opentelemetry/opentelemetry-sdk-trace/1.28.0/opentelemetry-sdk-trace-1.28.0.jar:/Users/hajorasltd/.m2/repository/io/opentelemetry/opentelemetry-sdk/1.28.0/opentelemetry-sdk-1.28.0.jar:/Users/hajorasltd/.m2/repository/io/opentelemetry/opentelemetry-semconv/1.28.0-alpha/opentelemetry-semconv-1.28.0-alpha.jar:/Users/hajorasltd/.m2/repository/org/seleniumhq/selenium/selenium-os/4.14.1/selenium-os-4.14.1.jar:/Users/hajorasltd/.m2/repository/org/apache/commons/commons-exec/1.3/commons-exec-1.3.jar:/Users/hajorasltd/.m2/repository/org/seleniumhq/selenium/selenium-safari-driver/4.14.1/selenium-safari-driver-4.14.1.jar:/Users/hajorasltd/.m2/repository/org/seleniumhq/selenium/selenium-api/4.14.1/selenium-api-4.14.1.jar:/Users/hajorasltd/.m2/repository/org/seleniumhq/selenium/selenium-support/4.14.1/selenium-support-4.14.1.jar:/Users/hajorasltd/.m2/repository/com/google/auto/service/auto-service-annotations/1.1.1/auto-service-annotations-1.1.1.jar:/Users/hajorasltd/.m2/repository/org/seleniumhq/selenium/selenium-json/4.14.1/selenium-json-4.14.1.jar:/Users/hajorasltd/.m2/repository/org/seleniumhq/selenium/selenium-chrome-driver/4.14.1/selenium-chrome-driver-4.14.1.jar:/Users/hajorasltd/.m2/repository/org/seleniumhq/selenium/selenium-chromium-driver/4.14.1/selenium-chromium-driver-4.14.1.jar:/Users/hajorasltd/.m2/repository/org/seleniumhq/selenium/selenium-manager/4.14.1/selenium-manager-4.14.1.jar:/Users/hajorasltd/.m2/repository/org/seleniumhq/selenium/selenium-firefox-driver/4.14.1/selenium-firefox-driver-4.14.1.jar:/Users/hajorasltd/.m2/repository/org/seleniumhq/selenium/selenium-http/4.14.1/selenium-http-4.14.1.jar:/Users/hajorasltd/.m2/repository/dev/failsafe/failsafe/3.3.2/failsafe-3.3.2.jar:/Users/hajorasltd/.m2/repository/org/seleniumhq/selenium/selenium-edge-driver/4.14.1/selenium-edge-driver-4.14.1.jar:/Users/hajorasltd/.m2/repository/org/seleniumhq/selenium/selenium-ie-driver/4.14.1/selenium-ie-driver-4.14.1.jar:/Users/hajorasltd/.m2/repository/org/htmlunit/htmlunit/3.4.0/htmlunit-3.4.0.jar:/Users/hajorasltd/.m2/repository/org/apache/httpcomponents/httpmime/4.5.14/httpmime-4.5.14.jar:/Users/hajorasltd/.m2/repository/org/htmlunit/htmlunit-core-js/3.4.0/htmlunit-core-js-3.4.0.jar:/Users/hajorasltd/.m2/repository/org/htmlunit/neko-htmlunit/3.4.0/neko-htmlunit-3.4.0.jar:/Users/hajorasltd/.m2/repository/org/htmlunit/htmlunit-cssparser/3.4.0/htmlunit-cssparser-3.4.0.jar:/Users/hajorasltd/.m2/repository/org/htmlunit/htmlunit-xpath/3.4.0/htmlunit-xpath-3.4.0.jar:/Users/hajorasltd/.m2/repository/org/brotli/dec/0.1.2/dec-0.1.2.jar:/Users/hajorasltd/.m2/repository/com/shapesecurity/salvation2/3.0.1/salvation2-3.0.1.jar:/Users/hajorasltd/.m2/repository/org/eclipse/jetty/websocket/websocket-client/9.4.51.v20230217/websocket-client-9.4.51.v20230217.jar:/Users/hajorasltd/.m2/repository/org/eclipse/jetty/jetty-client/9.4.51.v20230217/jetty-client-9.4.51.v20230217.jar:/Users/hajorasltd/.m2/repository/org/eclipse/jetty/jetty-http/9.4.51.v20230217/jetty-http-9.4.51.v20230217.jar:/Users/hajorasltd/.m2/repository/org/eclipse/jetty/jetty-util/9.4.51.v20230217/jetty-util-9.4.51.v20230217.jar:/Users/hajorasltd/.m2/repository/org/eclipse/jetty/jetty-io/9.4.51.v20230217/jetty-io-9.4.51.v20230217.jar:/Users/hajorasltd/.m2/repository/org/eclipse/jetty/websocket/websocket-common/9.4.51.v20230217/websocket-common-9.4.51.v20230217.jar:/Users/hajorasltd/.m2/repository/org/eclipse/jetty/websocket/websocket-api/9.4.51.v20230217/websocket-api-9.4.51.v20230217.jar:/Users/hajorasltd/.m2/repository/org/seleniumhq/selenium/htmlunit3-driver/4.10.0/htmlunit3-driver-4.10.0.jar:/Users/hajorasltd/.m2/repository/io/appium/java-client/8.5.1/java-client-8.5.1.jar:/Users/hajorasltd/.m2/repository/commons-validator/commons-validator/1.7/commons-validator-1.7.jar:/Users/hajorasltd/.m2/repository/commons-beanutils/commons-beanutils/1.9.4/commons-beanutils-1.9.4.jar:/Users/hajorasltd/.m2/repository/commons-digester/commons-digester/2.1/commons-digester-2.1.jar:/Users/hajorasltd/.m2/repository/org/apache/groovy/groovy/4.0.13/groovy-4.0.13.jar:/Users/hajorasltd/.m2/repository/net/sf/opencsv/opencsv/2.0/opencsv-2.0.jar:/Users/hajorasltd/.m2/repository/org/apache/commons/commons-lang3/3.13.0/commons-lang3-3.13.0.jar:/Users/hajorasltd/.m2/repository/org/apache/commons/commons-compress/1.23.0/commons-compress-1.23.0.jar:/Users/hajorasltd/.m2/repository/org/fluentlenium/fluentlenium-core/0.10.2/fluentlenium-core-0.10.2.jar:/Users/hajorasltd/.m2/repository/com/jhlabs/filters/2.0.235/filters-2.0.235.jar:/Users/hajorasltd/.m2/repository/com/paulhammant/ngwebdriver/1.1.6/ngwebdriver-1.1.6.jar:/Users/hajorasltd/.m2/repository/joda-time/joda-time/2.12.2/joda-time-2.12.2.jar:/Users/hajorasltd/.m2/repository/org/hamcrest/hamcrest/2.2/hamcrest-2.2.jar:/Users/hajorasltd/.m2/repository/com/google/jimfs/jimfs/1.3.0/jimfs-1.3.0.jar:/Users/hajorasltd/.m2/repository/org/mockito/mockito-core/3.3.3/mockito-core-3.3.3.jar:/Users/hajorasltd/.m2/repository/javax/xml/bind/jaxb-api/2.3.1/jaxb-api-2.3.1.jar:/Users/hajorasltd/.m2/repository/javax/activation/javax.activation-api/1.2.0/javax.activation-api-1.2.0.jar:/Users/hajorasltd/.m2/repository/com/sun/xml/bind/jaxb-core/2.3.0.1/jaxb-core-2.3.0.1.jar:/Users/hajorasltd/.m2/repository/com/sun/xml/bind/jaxb-impl/2.3.3/jaxb-impl-2.3.3.jar:/Users/hajorasltd/.m2/repository/jakarta/xml/bind/jakarta.xml.bind-api/2.3.3/jakarta.xml.bind-api-2.3.3.jar:/Users/hajorasltd/.m2/repository/com/sun/activation/jakarta.activation/1.2.2/jakarta.activation-1.2.2.jar:/Users/hajorasltd/.m2/repository/javax/activation/activation/1.1.1/activation-1.1.1.jar:/Users/hajorasltd/.m2/repository/net/serenity-bdd/serenity-junit5/4.0.15/serenity-junit5-4.0.15.jar:/Users/hajorasltd/.m2/repository/org/junit/jupiter/junit-jupiter-params/5.10.0/junit-jupiter-params-5.10.0.jar:/Users/hajorasltd/.m2/repository/org/junit/platform/junit-platform-launcher/1.10.0/junit-platform-launcher-1.10.0.jar:/Users/hajorasltd/.m2/repository/net/serenity-bdd/serenity-rest-assured/4.0.15/serenity-rest-assured-4.0.15.jar:/Users/hajorasltd/.m2/repository/io/rest-assured/rest-assured/5.3.2/rest-assured-5.3.2.jar:/Users/hajorasltd/.m2/repository/org/ccil/cowan/tagsoup/tagsoup/1.2.1/tagsoup-1.2.1.jar:/Users/hajorasltd/.m2/repository/io/rest-assured/json-path/5.3.2/json-path-5.3.2.jar:/Users/hajorasltd/.m2/repository/io/rest-assured/rest-assured-common/5.3.2/rest-assured-common-5.3.2.jar:/Users/hajorasltd/.m2/repository/io/rest-assured/xml-path/5.3.2/xml-path-5.3.2.jar:/Users/hajorasltd/.m2/repository/org/apache/groovy/groovy-json/4.0.13/groovy-json-4.0.13.jar:/Users/hajorasltd/.m2/repository/org/apache/groovy/groovy-xml/4.0.13/groovy-xml-4.0.13.jar:/Users/hajorasltd/.m2/repository/org/opentest4j/opentest4j/1.2.0/opentest4j-1.2.0.jar:/Users/hajorasltd/.m2/repository/io/github/fabianlinz/serenity-junit5/1.2.1/serenity-junit5-1.2.1.jar:/Users/hajorasltd/.m2/repository/org/apache/logging/log4j/log4j-core/2.8.2/log4j-core-2.8.2.jar:/Users/hajorasltd/.m2/repository/org/apache/logging/log4j/log4j-api/2.8.2/log4j-api-2.8.2.jar:/Users/hajorasltd/.m2/repository/ch/qos/logback/logback-classic/1.2.11/logback-classic-1.2.11.jar:/Users/hajorasltd/.m2/repository/ch/qos/logback/logback-core/1.2.11/logback-core-1.2.11.jar:/Users/hajorasltd/.m2/repository/org/slf4j/slf4j-api/1.7.32/slf4j-api-1.7.32.jar:/Users/hajorasltd/.m2/repository/com/googlecode/json-simple/json-simple/1.1.1/json-simple-1.1.1.jar:/Users/hajorasltd/.m2/repository/junit/junit/4.10/junit-4.10.jar:/Users/hajorasltd/.m2/repository/org/hamcrest/hamcrest-core/1.1/hamcrest-core-1.1.jar:/Users/hajorasltd/.m2/repository/com/github/javafaker/javafaker/1.0.2/javafaker-1.0.2.jar:/Users/hajorasltd/.m2/repository/org/yaml/snakeyaml/1.23/snakeyaml-1.23-android.jar:/Users/hajorasltd/.m2/repository/com/github/mifmif/generex/1.0.2/generex-1.0.2.jar:/Users/hajorasltd/.m2/repository/dk/brics/automaton/automaton/1.11-8/automaton-1.11-8.jar:/Users/hajorasltd/.m2/repository/org/junit/jupiter/junit-jupiter-api/5.10.1/junit-jupiter-api-5.10.1.jar:/Users/hajorasltd/.m2/repository/org/junit/platform/junit-platform-commons/1.10.1/junit-platform-commons-1.10.1.jar:/Users/hajorasltd/.m2/repository/org/apiguardian/apiguardian-api/1.1.2/apiguardian-api-1.1.2.jar:/Users/hajorasltd/.m2/repository/org/junit/jupiter/junit-jupiter-engine/5.10.1/junit-jupiter-engine-5.10.1.jar:/Users/hajorasltd/.m2/repository/org/junit/platform/junit-platform-engine/1.10.1/junit-platform-engine-1.10.1.jar:/Users/hajorasltd/.m2/repository/org/assertj/assertj-core/3.22.0/assertj-core-3.22.0.jar:"/>
    <property name="java.vm.vendor" value="Eclipse Adoptium"/>
    <property name="sun.arch.data.model" value="64"/>
    <property name="java.vendor.url" value="https://adoptium.net/"/>
    <property name="user.timezone" value="Europe/London"/>
    <property name="os.name" value="Mac OS X"/>
    <property name="java.vm.specification.version" value="17"/>
    <property name="sun.java.launcher" value="SUN_STANDARD"/>
    <property name="user.country" value="GB"/>
    <property name="sun.boot.library.path" value="/Users/hajorasltd/.sdkman/candidates/java/17.0.0-tem/lib"/>
    <property name="sun.java.command" value="/Users/hajorasltd/IdeaProjects/serenirt-bbd-api-tests/target/surefire/surefirebooter-20240924213621949_3.jar /Users/hajorasltd/IdeaProjects/serenirt-bbd-api-tests/target/surefire 2024-09-24T21-36-21_906-jvmRun1 surefire-20240924213621949_1tmp surefire_0-20240924213621949_2tmp"/>
    <property name="http.nonProxyHosts" value="local|*.local|169.254/16|*.169.254/16"/>
    <property name="jdk.debug" value="release"/>
    <property name="surefire.test.class.path" value="/Users/hajorasltd/IdeaProjects/serenirt-bbd-api-tests/target/test-classes:/Users/hajorasltd/IdeaProjects/serenirt-bbd-api-tests/target/serenirt-bbd-api-tests-1.0-SNAPSHOT.jar:/Users/hajorasltd/.m2/repository/net/serenity-bdd/serenity-core/4.0.15/serenity-core-4.0.15.jar:/Users/hajorasltd/.m2/repository/net/serenity-bdd/serenity-model/4.0.15/serenity-model-4.0.15.jar:/Users/hajorasltd/.m2/repository/org/apache/commons/commons-text/1.10.0/commons-text-1.10.0.jar:/Users/hajorasltd/.m2/repository/commons-net/commons-net/3.9.0/commons-net-3.9.0.jar:/Users/hajorasltd/.m2/repository/com/google/guava/guava/32.1.2-jre/guava-32.1.2-jre.jar:/Users/hajorasltd/.m2/repository/com/google/guava/failureaccess/1.0.1/failureaccess-1.0.1.jar:/Users/hajorasltd/.m2/repository/com/google/guava/listenablefuture/9999.0-empty-to-avoid-conflict-with-guava/listenablefuture-9999.0-empty-to-avoid-conflict-with-guava.jar:/Users/hajorasltd/.m2/repository/com/google/code/findbugs/jsr305/3.0.2/jsr305-3.0.2.jar:/Users/hajorasltd/.m2/repository/org/checkerframework/checker-qual/3.33.0/checker-qual-3.33.0.jar:/Users/hajorasltd/.m2/repository/com/google/errorprone/error_prone_annotations/2.18.0/error_prone_annotations-2.18.0.jar:/Users/hajorasltd/.m2/repository/com/google/j2objc/j2objc-annotations/2.8/j2objc-annotations-2.8.jar:/Users/hajorasltd/.m2/repository/org/jsoup/jsoup/1.15.4/jsoup-1.15.4.jar:/Users/hajorasltd/.m2/repository/com/thoughtworks/xstream/xstream/1.4.20/xstream-1.4.20.jar:/Users/hajorasltd/.m2/repository/io/github/x-stream/mxparser/1.2.2/mxparser-1.2.2.jar:/Users/hajorasltd/.m2/repository/xmlpull/xmlpull/1.1.3.1/xmlpull-1.1.3.1.jar:/Users/hajorasltd/.m2/repository/io/cucumber/cucumber-core/7.14.0/cucumber-core-7.14.0.jar:/Users/hajorasltd/.m2/repository/io/cucumber/cucumber-gherkin/7.14.0/cucumber-gherkin-7.14.0.jar:/Users/hajorasltd/.m2/repository/io/cucumber/cucumber-gherkin-messages/7.14.0/cucumber-gherkin-messages-7.14.0.jar:/Users/hajorasltd/.m2/repository/io/cucumber/gherkin/26.2.0/gherkin-26.2.0.jar:/Users/hajorasltd/.m2/repository/io/cucumber/messages/22.0.0/messages-22.0.0.jar:/Users/hajorasltd/.m2/repository/io/cucumber/tag-expressions/5.0.6/tag-expressions-5.0.6.jar:/Users/hajorasltd/.m2/repository/io/cucumber/cucumber-expressions/16.1.2/cucumber-expressions-16.1.2.jar:/Users/hajorasltd/.m2/repository/io/cucumber/datatable/7.14.0/datatable-7.14.0.jar:/Users/hajorasltd/.m2/repository/io/cucumber/cucumber-plugin/7.14.0/cucumber-plugin-7.14.0.jar:/Users/hajorasltd/.m2/repository/io/cucumber/docstring/7.14.0/docstring-7.14.0.jar:/Users/hajorasltd/.m2/repository/io/cucumber/html-formatter/20.4.0/html-formatter-20.4.0.jar:/Users/hajorasltd/.m2/repository/io/cucumber/junit-xml-formatter/0.2.0/junit-xml-formatter-0.2.0.jar:/Users/hajorasltd/.m2/repository/io/cucumber/ci-environment/9.2.0/ci-environment-9.2.0.jar:/Users/hajorasltd/.m2/repository/io/cucumber/cucumber-java/7.14.0/cucumber-java-7.14.0.jar:/Users/hajorasltd/.m2/repository/com/typesafe/config/1.4.2/config-1.4.2.jar:/Users/hajorasltd/.m2/repository/org/imgscalr/imgscalr-lib/4.2/imgscalr-lib-4.2.jar:/Users/hajorasltd/.m2/repository/org/awaitility/awaitility/4.2.0/awaitility-4.2.0.jar:/Users/hajorasltd/.m2/repository/org/freemarker/freemarker/2.3.32/freemarker-2.3.32.jar:/Users/hajorasltd/.m2/repository/io/github/classgraph/classgraph/4.8.157/classgraph-4.8.157.jar:/Users/hajorasltd/.m2/repository/com/github/ben-manes/caffeine/caffeine/2.9.2/caffeine-2.9.2.jar:/Users/hajorasltd/.m2/repository/org/ehcache/ehcache/3.10.8/ehcache-3.10.8.jar:/Users/hajorasltd/.m2/repository/javax/cache/cache-api/1.1.0/cache-api-1.1.0.jar:/Users/hajorasltd/.m2/repository/net/sourceforge/jexcelapi/jxl/2.6.12/jxl-2.6.12.jar:/Users/hajorasltd/.m2/repository/net/bytebuddy/byte-buddy/1.14.7/byte-buddy-1.14.7.jar:/Users/hajorasltd/.m2/repository/net/bytebuddy/byte-buddy-agent/1.14.7/byte-buddy-agent-1.14.7.jar:/Users/hajorasltd/.m2/repository/org/objenesis/objenesis/3.3/objenesis-3.3.jar:/Users/hajorasltd/.m2/repository/com/vladsch/flexmark/flexmark-all/0.64.8/flexmark-all-0.64.8.jar:/Users/hajorasltd/.m2/repository/com/vladsch/flexmark/flexmark/0.64.8/flexmark-0.64.8.jar:/Users/hajorasltd/.m2/repository/com/vladsch/flexmark/flexmark-ext-abbreviation/0.64.8/flexmark-ext-abbreviation-0.64.8.jar:/Users/hajorasltd/.m2/repository/com/vladsch/flexmark/flexmark-ext-admonition/0.64.8/flexmark-ext-admonition-0.64.8.jar:/Users/hajorasltd/.m2/repository/com/vladsch/flexmark/flexmark-ext-anchorlink/0.64.8/flexmark-ext-anchorlink-0.64.8.jar:/Users/hajorasltd/.m2/repository/com/vladsch/flexmark/flexmark-ext-aside/0.64.8/flexmark-ext-aside-0.64.8.jar:/Users/hajorasltd/.m2/repository/com/vladsch/flexmark/flexmark-ext-attributes/0.64.8/flexmark-ext-attributes-0.64.8.jar:/Users/hajorasltd/.m2/repository/com/vladsch/flexmark/flexmark-ext-autolink/0.64.8/flexmark-ext-autolink-0.64.8.jar:/Users/hajorasltd/.m2/repository/org/nibor/autolink/autolink/0.6.0/autolink-0.6.0.jar:/Users/hajorasltd/.m2/repository/com/vladsch/flexmark/flexmark-ext-definition/0.64.8/flexmark-ext-definition-0.64.8.jar:/Users/hajorasltd/.m2/repository/com/vladsch/flexmark/flexmark-ext-emoji/0.64.8/flexmark-ext-emoji-0.64.8.jar:/Users/hajorasltd/.m2/repository/com/vladsch/flexmark/flexmark-ext-enumerated-reference/0.64.8/flexmark-ext-enumerated-reference-0.64.8.jar:/Users/hajorasltd/.m2/repository/com/vladsch/flexmark/flexmark-ext-escaped-character/0.64.8/flexmark-ext-escaped-character-0.64.8.jar:/Users/hajorasltd/.m2/repository/com/vladsch/flexmark/flexmark-ext-footnotes/0.64.8/flexmark-ext-footnotes-0.64.8.jar:/Users/hajorasltd/.m2/repository/com/vladsch/flexmark/flexmark-ext-gfm-issues/0.64.8/flexmark-ext-gfm-issues-0.64.8.jar:/Users/hajorasltd/.m2/repository/com/vladsch/flexmark/flexmark-ext-gfm-strikethrough/0.64.8/flexmark-ext-gfm-strikethrough-0.64.8.jar:/Users/hajorasltd/.m2/repository/com/vladsch/flexmark/flexmark-ext-gfm-tasklist/0.64.8/flexmark-ext-gfm-tasklist-0.64.8.jar:/Users/hajorasltd/.m2/repository/com/vladsch/flexmark/flexmark-ext-gfm-users/0.64.8/flexmark-ext-gfm-users-0.64.8.jar:/Users/hajorasltd/.m2/repository/com/vladsch/flexmark/flexmark-ext-gitlab/0.64.8/flexmark-ext-gitlab-0.64.8.jar:/Users/hajorasltd/.m2/repository/com/vladsch/flexmark/flexmark-ext-jekyll-front-matter/0.64.8/flexmark-ext-jekyll-front-matter-0.64.8.jar:/Users/hajorasltd/.m2/repository/com/vladsch/flexmark/flexmark-ext-jekyll-tag/0.64.8/flexmark-ext-jekyll-tag-0.64.8.jar:/Users/hajorasltd/.m2/repository/com/vladsch/flexmark/flexmark-ext-media-tags/0.64.8/flexmark-ext-media-tags-0.64.8.jar:/Users/hajorasltd/.m2/repository/com/vladsch/flexmark/flexmark-ext-macros/0.64.8/flexmark-ext-macros-0.64.8.jar:/Users/hajorasltd/.m2/repository/com/vladsch/flexmark/flexmark-ext-ins/0.64.8/flexmark-ext-ins-0.64.8.jar:/Users/hajorasltd/.m2/repository/com/vladsch/flexmark/flexmark-ext-xwiki-macros/0.64.8/flexmark-ext-xwiki-macros-0.64.8.jar:/Users/hajorasltd/.m2/repository/com/vladsch/flexmark/flexmark-ext-superscript/0.64.8/flexmark-ext-superscript-0.64.8.jar:/Users/hajorasltd/.m2/repository/com/vladsch/flexmark/flexmark-ext-toc/0.64.8/flexmark-ext-toc-0.64.8.jar:/Users/hajorasltd/.m2/repository/com/vladsch/flexmark/flexmark-ext-typographic/0.64.8/flexmark-ext-typographic-0.64.8.jar:/Users/hajorasltd/.m2/repository/com/vladsch/flexmark/flexmark-ext-wikilink/0.64.8/flexmark-ext-wikilink-0.64.8.jar:/Users/hajorasltd/.m2/repository/com/vladsch/flexmark/flexmark-ext-yaml-front-matter/0.64.8/flexmark-ext-yaml-front-matter-0.64.8.jar:/Users/hajorasltd/.m2/repository/com/vladsch/flexmark/flexmark-ext-youtube-embedded/0.64.8/flexmark-ext-youtube-embedded-0.64.8.jar:/Users/hajorasltd/.m2/repository/com/vladsch/flexmark/flexmark-html2md-converter/0.64.8/flexmark-html2md-converter-0.64.8.jar:/Users/hajorasltd/.m2/repository/com/vladsch/flexmark/flexmark-jira-converter/0.64.8/flexmark-jira-converter-0.64.8.jar:/Users/hajorasltd/.m2/repository/com/vladsch/flexmark/flexmark-pdf-converter/0.64.8/flexmark-pdf-converter-0.64.8.jar:/Users/hajorasltd/.m2/repository/com/openhtmltopdf/openhtmltopdf-core/1.0.10/openhtmltopdf-core-1.0.10.jar:/Users/hajorasltd/.m2/repository/com/openhtmltopdf/openhtmltopdf-pdfbox/1.0.10/openhtmltopdf-pdfbox-1.0.10.jar:/Users/hajorasltd/.m2/repository/org/apache/pdfbox/pdfbox/2.0.24/pdfbox-2.0.24.jar:/Users/hajorasltd/.m2/repository/org/apache/pdfbox/fontbox/2.0.24/fontbox-2.0.24.jar:/Users/hajorasltd/.m2/repository/org/apache/pdfbox/xmpbox/2.0.24/xmpbox-2.0.24.jar:/Users/hajorasltd/.m2/repository/de/rototor/pdfbox/graphics2d/0.32/graphics2d-0.32.jar:/Users/hajorasltd/.m2/repository/com/openhtmltopdf/openhtmltopdf-rtl-support/1.0.10/openhtmltopdf-rtl-support-1.0.10.jar:/Users/hajorasltd/.m2/repository/com/vladsch/flexmark/flexmark-profile-pegdown/0.64.8/flexmark-profile-pegdown-0.64.8.jar:/Users/hajorasltd/.m2/repository/com/vladsch/flexmark/flexmark-util-ast/0.64.8/flexmark-util-ast-0.64.8.jar:/Users/hajorasltd/.m2/repository/org/jetbrains/annotations/24.0.1/annotations-24.0.1.jar:/Users/hajorasltd/.m2/repository/com/vladsch/flexmark/flexmark-util-builder/0.64.8/flexmark-util-builder-0.64.8.jar:/Users/hajorasltd/.m2/repository/com/vladsch/flexmark/flexmark-util-collection/0.64.8/flexmark-util-collection-0.64.8.jar:/Users/hajorasltd/.m2/repository/com/vladsch/flexmark/flexmark-util-data/0.64.8/flexmark-util-data-0.64.8.jar:/Users/hajorasltd/.m2/repository/com/vladsch/flexmark/flexmark-util-dependency/0.64.8/flexmark-util-dependency-0.64.8.jar:/Users/hajorasltd/.m2/repository/com/vladsch/flexmark/flexmark-util-format/0.64.8/flexmark-util-format-0.64.8.jar:/Users/hajorasltd/.m2/repository/com/vladsch/flexmark/flexmark-util-html/0.64.8/flexmark-util-html-0.64.8.jar:/Users/hajorasltd/.m2/repository/com/vladsch/flexmark/flexmark-util-misc/0.64.8/flexmark-util-misc-0.64.8.jar:/Users/hajorasltd/.m2/repository/com/vladsch/flexmark/flexmark-util-options/0.64.8/flexmark-util-options-0.64.8.jar:/Users/hajorasltd/.m2/repository/com/vladsch/flexmark/flexmark-util-sequence/0.64.8/flexmark-util-sequence-0.64.8.jar:/Users/hajorasltd/.m2/repository/com/vladsch/flexmark/flexmark-util-visitor/0.64.8/flexmark-util-visitor-0.64.8.jar:/Users/hajorasltd/.m2/repository/com/vladsch/flexmark/flexmark-youtrack-converter/0.64.8/flexmark-youtrack-converter-0.64.8.jar:/Users/hajorasltd/.m2/repository/com/vladsch/flexmark/flexmark-ext-resizable-image/0.64.8/flexmark-ext-resizable-image-0.64.8.jar:/Users/hajorasltd/.m2/repository/com/vladsch/flexmark/flexmark-ext-tables/0.64.8/flexmark-ext-tables-0.64.8.jar:/Users/hajorasltd/.m2/repository/com/vladsch/flexmark/flexmark-util/0.64.8/flexmark-util-0.64.8.jar:/Users/hajorasltd/.m2/repository/net/serenity-bdd/serenity-reports/4.0.15/serenity-reports-4.0.15.jar:/Users/hajorasltd/.m2/repository/net/serenity-bdd/serenity-stats/4.0.15/serenity-stats-4.0.15.jar:/Users/hajorasltd/.m2/repository/org/jetbrains/kotlin/kotlin-stdlib/1.9.0/kotlin-stdlib-1.9.0.jar:/Users/hajorasltd/.m2/repository/org/jetbrains/kotlin/kotlin-stdlib-common/1.9.0/kotlin-stdlib-common-1.9.0.jar:/Users/hajorasltd/.m2/repository/net/serenity-bdd/serenity-reports-configuration/4.0.15/serenity-reports-configuration-4.0.15.jar:/Users/hajorasltd/.m2/repository/com/ibm/icu/icu4j/72.1/icu4j-72.1.jar:/Users/hajorasltd/.m2/repository/es/nitaur/markdown/txtmark/0.16/txtmark-0.16.jar:/Users/hajorasltd/.m2/repository/net/serenity-bdd/serenity-report-resources/4.0.15/serenity-report-resources-4.0.15.jar:/Users/hajorasltd/.m2/repository/com/google/code/gson/gson/2.10.1/gson-2.10.1.jar:/Users/hajorasltd/.m2/repository/com/fasterxml/jackson/core/jackson-core/2.15.2/jackson-core-2.15.2.jar:/Users/hajorasltd/.m2/repository/com/fasterxml/jackson/core/jackson-databind/2.15.2/jackson-databind-2.15.2.jar:/Users/hajorasltd/.m2/repository/com/fasterxml/jackson/core/jackson-annotations/2.15.2/jackson-annotations-2.15.2.jar:/Users/hajorasltd/.m2/repository/commons-codec/commons-codec/1.16.0/commons-codec-1.16.0.jar:/Users/hajorasltd/.m2/repository/commons-io/commons-io/2.11.0/commons-io-2.11.0.jar:/Users/hajorasltd/.m2/repository/org/apache/httpcomponents/httpclient/4.5.13/httpclient-4.5.13.jar:/Users/hajorasltd/.m2/repository/org/apache/httpcomponents/httpcore/4.4.13/httpcore-4.4.13.jar:/Users/hajorasltd/.m2/repository/commons-logging/commons-logging/1.2/commons-logging-1.2.jar:/Users/hajorasltd/.m2/repository/org/seleniumhq/selenium/selenium-java/4.14.1/selenium-java-4.14.1.jar:/Users/hajorasltd/.m2/repository/org/seleniumhq/selenium/selenium-devtools-v116/4.14.1/selenium-devtools-v116-4.14.1.jar:/Users/hajorasltd/.m2/repository/org/seleniumhq/selenium/selenium-devtools-v117/4.14.1/selenium-devtools-v117-4.14.1.jar:/Users/hajorasltd/.m2/repository/org/seleniumhq/selenium/selenium-devtools-v118/4.14.1/selenium-devtools-v118-4.14.1.jar:/Users/hajorasltd/.m2/repository/org/seleniumhq/selenium/selenium-devtools-v85/4.14.1/selenium-devtools-v85-4.14.1.jar:/Users/hajorasltd/.m2/repository/org/seleniumhq/selenium/selenium-remote-driver/4.14.1/selenium-remote-driver-4.14.1.jar:/Users/hajorasltd/.m2/repository/io/opentelemetry/opentelemetry-api/1.28.0/opentelemetry-api-1.28.0.jar:/Users/hajorasltd/.m2/repository/io/opentelemetry/opentelemetry-context/1.28.0/opentelemetry-context-1.28.0.jar:/Users/hajorasltd/.m2/repository/io/opentelemetry/opentelemetry-exporter-logging/1.28.0/opentelemetry-exporter-logging-1.28.0.jar:/Users/hajorasltd/.m2/repository/io/opentelemetry/opentelemetry-sdk-metrics/1.28.0/opentelemetry-sdk-metrics-1.28.0.jar:/Users/hajorasltd/.m2/repository/io/opentelemetry/opentelemetry-extension-incubator/1.28.0-alpha/opentelemetry-extension-incubator-1.28.0-alpha.jar:/Users/hajorasltd/.m2/repository/io/opentelemetry/opentelemetry-sdk-logs/1.28.0/opentelemetry-sdk-logs-1.28.0.jar:/Users/hajorasltd/.m2/repository/io/opentelemetry/opentelemetry-sdk-common/1.28.0/opentelemetry-sdk-common-1.28.0.jar:/Users/hajorasltd/.m2/repository/io/opentelemetry/opentelemetry-sdk-extension-autoconfigure-spi/1.28.0/opentelemetry-sdk-extension-autoconfigure-spi-1.28.0.jar:/Users/hajorasltd/.m2/repository/io/opentelemetry/opentelemetry-sdk-extension-autoconfigure/1.28.0/opentelemetry-sdk-extension-autoconfigure-1.28.0.jar:/Users/hajorasltd/.m2/repository/io/opentelemetry/opentelemetry-api-events/1.28.0-alpha/opentelemetry-api-events-1.28.0-alpha.jar:/Users/hajorasltd/.m2/repository/io/opentelemetry/opentelemetry-sdk-trace/1.28.0/opentelemetry-sdk-trace-1.28.0.jar:/Users/hajorasltd/.m2/repository/io/opentelemetry/opentelemetry-sdk/1.28.0/opentelemetry-sdk-1.28.0.jar:/Users/hajorasltd/.m2/repository/io/opentelemetry/opentelemetry-semconv/1.28.0-alpha/opentelemetry-semconv-1.28.0-alpha.jar:/Users/hajorasltd/.m2/repository/org/seleniumhq/selenium/selenium-os/4.14.1/selenium-os-4.14.1.jar:/Users/hajorasltd/.m2/repository/org/apache/commons/commons-exec/1.3/commons-exec-1.3.jar:/Users/hajorasltd/.m2/repository/org/seleniumhq/selenium/selenium-safari-driver/4.14.1/selenium-safari-driver-4.14.1.jar:/Users/hajorasltd/.m2/repository/org/seleniumhq/selenium/selenium-api/4.14.1/selenium-api-4.14.1.jar:/Users/hajorasltd/.m2/repository/org/seleniumhq/selenium/selenium-support/4.14.1/selenium-support-4.14.1.jar:/Users/hajorasltd/.m2/repository/com/google/auto/service/auto-service-annotations/1.1.1/auto-service-annotations-1.1.1.jar:/Users/hajorasltd/.m2/repository/org/seleniumhq/selenium/selenium-json/4.14.1/selenium-json-4.14.1.jar:/Users/hajorasltd/.m2/repository/org/seleniumhq/selenium/selenium-chrome-driver/4.14.1/selenium-chrome-driver-4.14.1.jar:/Users/hajorasltd/.m2/repository/org/seleniumhq/selenium/selenium-chromium-driver/4.14.1/selenium-chromium-driver-4.14.1.jar:/Users/hajorasltd/.m2/repository/org/seleniumhq/selenium/selenium-manager/4.14.1/selenium-manager-4.14.1.jar:/Users/hajorasltd/.m2/repository/org/seleniumhq/selenium/selenium-firefox-driver/4.14.1/selenium-firefox-driver-4.14.1.jar:/Users/hajorasltd/.m2/repository/org/seleniumhq/selenium/selenium-http/4.14.1/selenium-http-4.14.1.jar:/Users/hajorasltd/.m2/repository/dev/failsafe/failsafe/3.3.2/failsafe-3.3.2.jar:/Users/hajorasltd/.m2/repository/org/seleniumhq/selenium/selenium-edge-driver/4.14.1/selenium-edge-driver-4.14.1.jar:/Users/hajorasltd/.m2/repository/org/seleniumhq/selenium/selenium-ie-driver/4.14.1/selenium-ie-driver-4.14.1.jar:/Users/hajorasltd/.m2/repository/org/htmlunit/htmlunit/3.4.0/htmlunit-3.4.0.jar:/Users/hajorasltd/.m2/repository/org/apache/httpcomponents/httpmime/4.5.14/httpmime-4.5.14.jar:/Users/hajorasltd/.m2/repository/org/htmlunit/htmlunit-core-js/3.4.0/htmlunit-core-js-3.4.0.jar:/Users/hajorasltd/.m2/repository/org/htmlunit/neko-htmlunit/3.4.0/neko-htmlunit-3.4.0.jar:/Users/hajorasltd/.m2/repository/org/htmlunit/htmlunit-cssparser/3.4.0/htmlunit-cssparser-3.4.0.jar:/Users/hajorasltd/.m2/repository/org/htmlunit/htmlunit-xpath/3.4.0/htmlunit-xpath-3.4.0.jar:/Users/hajorasltd/.m2/repository/org/brotli/dec/0.1.2/dec-0.1.2.jar:/Users/hajorasltd/.m2/repository/com/shapesecurity/salvation2/3.0.1/salvation2-3.0.1.jar:/Users/hajorasltd/.m2/repository/org/eclipse/jetty/websocket/websocket-client/9.4.51.v20230217/websocket-client-9.4.51.v20230217.jar:/Users/hajorasltd/.m2/repository/org/eclipse/jetty/jetty-client/9.4.51.v20230217/jetty-client-9.4.51.v20230217.jar:/Users/hajorasltd/.m2/repository/org/eclipse/jetty/jetty-http/9.4.51.v20230217/jetty-http-9.4.51.v20230217.jar:/Users/hajorasltd/.m2/repository/org/eclipse/jetty/jetty-util/9.4.51.v20230217/jetty-util-9.4.51.v20230217.jar:/Users/hajorasltd/.m2/repository/org/eclipse/jetty/jetty-io/9.4.51.v20230217/jetty-io-9.4.51.v20230217.jar:/Users/hajorasltd/.m2/repository/org/eclipse/jetty/websocket/websocket-common/9.4.51.v20230217/websocket-common-9.4.51.v20230217.jar:/Users/hajorasltd/.m2/repository/org/eclipse/jetty/websocket/websocket-api/9.4.51.v20230217/websocket-api-9.4.51.v20230217.jar:/Users/hajorasltd/.m2/repository/org/seleniumhq/selenium/htmlunit3-driver/4.10.0/htmlunit3-driver-4.10.0.jar:/Users/hajorasltd/.m2/repository/io/appium/java-client/8.5.1/java-client-8.5.1.jar:/Users/hajorasltd/.m2/repository/commons-validator/commons-validator/1.7/commons-validator-1.7.jar:/Users/hajorasltd/.m2/repository/commons-beanutils/commons-beanutils/1.9.4/commons-beanutils-1.9.4.jar:/Users/hajorasltd/.m2/repository/commons-digester/commons-digester/2.1/commons-digester-2.1.jar:/Users/hajorasltd/.m2/repository/org/apache/groovy/groovy/4.0.13/groovy-4.0.13.jar:/Users/hajorasltd/.m2/repository/net/sf/opencsv/opencsv/2.0/opencsv-2.0.jar:/Users/hajorasltd/.m2/repository/org/apache/commons/commons-lang3/3.13.0/commons-lang3-3.13.0.jar:/Users/hajorasltd/.m2/repository/org/apache/commons/commons-compress/1.23.0/commons-compress-1.23.0.jar:/Users/hajorasltd/.m2/repository/org/fluentlenium/fluentlenium-core/0.10.2/fluentlenium-core-0.10.2.jar:/Users/hajorasltd/.m2/repository/com/jhlabs/filters/2.0.235/filters-2.0.235.jar:/Users/hajorasltd/.m2/repository/com/paulhammant/ngwebdriver/1.1.6/ngwebdriver-1.1.6.jar:/Users/hajorasltd/.m2/repository/joda-time/joda-time/2.12.2/joda-time-2.12.2.jar:/Users/hajorasltd/.m2/repository/org/hamcrest/hamcrest/2.2/hamcrest-2.2.jar:/Users/hajorasltd/.m2/repository/com/google/jimfs/jimfs/1.3.0/jimfs-1.3.0.jar:/Users/hajorasltd/.m2/repository/org/mockito/mockito-core/3.3.3/mockito-core-3.3.3.jar:/Users/hajorasltd/.m2/repository/javax/xml/bind/jaxb-api/2.3.1/jaxb-api-2.3.1.jar:/Users/hajorasltd/.m2/repository/javax/activation/javax.activation-api/1.2.0/javax.activation-api-1.2.0.jar:/Users/hajorasltd/.m2/repository/com/sun/xml/bind/jaxb-core/2.3.0.1/jaxb-core-2.3.0.1.jar:/Users/hajorasltd/.m2/repository/com/sun/xml/bind/jaxb-impl/2.3.3/jaxb-impl-2.3.3.jar:/Users/hajorasltd/.m2/repository/jakarta/xml/bind/jakarta.xml.bind-api/2.3.3/jakarta.xml.bind-api-2.3.3.jar:/Users/hajorasltd/.m2/repository/com/sun/activation/jakarta.activation/1.2.2/jakarta.activation-1.2.2.jar:/Users/hajorasltd/.m2/repository/javax/activation/activation/1.1.1/activation-1.1.1.jar:/Users/hajorasltd/.m2/repository/net/serenity-bdd/serenity-junit5/4.0.15/serenity-junit5-4.0.15.jar:/Users/hajorasltd/.m2/repository/org/junit/jupiter/junit-jupiter-params/5.10.0/junit-jupiter-params-5.10.0.jar:/Users/hajorasltd/.m2/repository/org/junit/platform/junit-platform-launcher/1.10.0/junit-platform-launcher-1.10.0.jar:/Users/hajorasltd/.m2/repository/net/serenity-bdd/serenity-rest-assured/4.0.15/serenity-rest-assured-4.0.15.jar:/Users/hajorasltd/.m2/repository/io/rest-assured/rest-assured/5.3.2/rest-assured-5.3.2.jar:/Users/hajorasltd/.m2/repository/org/ccil/cowan/tagsoup/tagsoup/1.2.1/tagsoup-1.2.1.jar:/Users/hajorasltd/.m2/repository/io/rest-assured/json-path/5.3.2/json-path-5.3.2.jar:/Users/hajorasltd/.m2/repository/io/rest-assured/rest-assured-common/5.3.2/rest-assured-common-5.3.2.jar:/Users/hajorasltd/.m2/repository/io/rest-assured/xml-path/5.3.2/xml-path-5.3.2.jar:/Users/hajorasltd/.m2/repository/org/apache/groovy/groovy-json/4.0.13/groovy-json-4.0.13.jar:/Users/hajorasltd/.m2/repository/org/apache/groovy/groovy-xml/4.0.13/groovy-xml-4.0.13.jar:/Users/hajorasltd/.m2/repository/org/opentest4j/opentest4j/1.2.0/opentest4j-1.2.0.jar:/Users/hajorasltd/.m2/repository/io/github/fabianlinz/serenity-junit5/1.2.1/serenity-junit5-1.2.1.jar:/Users/hajorasltd/.m2/repository/org/apache/logging/log4j/log4j-core/2.8.2/log4j-core-2.8.2.jar:/Users/hajorasltd/.m2/repository/org/apache/logging/log4j/log4j-api/2.8.2/log4j-api-2.8.2.jar:/Users/hajorasltd/.m2/repository/ch/qos/logback/logback-classic/1.2.11/logback-classic-1.2.11.jar:/Users/hajorasltd/.m2/repository/ch/qos/logback/logback-core/1.2.11/logback-core-1.2.11.jar:/Users/hajorasltd/.m2/repository/org/slf4j/slf4j-api/1.7.32/slf4j-api-1.7.32.jar:/Users/hajorasltd/.m2/repository/com/googlecode/json-simple/json-simple/1.1.1/json-simple-1.1.1.jar:/Users/hajorasltd/.m2/repository/junit/junit/4.10/junit-4.10.jar:/Users/hajorasltd/.m2/repository/org/hamcrest/hamcrest-core/1.1/hamcrest-core-1.1.jar:/Users/hajorasltd/.m2/repository/com/github/javafaker/javafaker/1.0.2/javafaker-1.0.2.jar:/Users/hajorasltd/.m2/repository/org/yaml/snakeyaml/1.23/snakeyaml-1.23-android.jar:/Users/hajorasltd/.m2/repository/com/github/mifmif/generex/1.0.2/generex-1.0.2.jar:/Users/hajorasltd/.m2/repository/dk/brics/automaton/automaton/1.11-8/automaton-1.11-8.jar:/Users/hajorasltd/.m2/repository/org/junit/jupiter/junit-jupiter-api/5.10.1/junit-jupiter-api-5.10.1.jar:/Users/hajorasltd/.m2/repository/org/junit/platform/junit-platform-commons/1.10.1/junit-platform-commons-1.10.1.jar:/Users/hajorasltd/.m2/repository/org/apiguardian/apiguardian-api/1.1.2/apiguardian-api-1.1.2.jar:/Users/hajorasltd/.m2/repository/org/junit/jupiter/junit-jupiter-engine/5.10.1/junit-jupiter-engine-5.10.1.jar:/Users/hajorasltd/.m2/repository/org/junit/platform/junit-platform-engine/1.10.1/junit-platform-engine-1.10.1.jar:/Users/hajorasltd/.m2/repository/org/assertj/assertj-core/3.22.0/assertj-core-3.22.0.jar:"/>
    <property name="sun.cpu.endian" value="little"/>
    <property name="user.home" value="/Users/hajorasltd"/>
    <property name="user.language" value="en"/>
    <property name="java.specification.vendor" value="Oracle Corporation"/>
    <property name="java.version.date" value="2021-09-14"/>
    <property name="java.home" value="/Users/hajorasltd/.sdkman/candidates/java/17.0.0-tem"/>
    <property name="file.separator" value="/"/>
    <property name="basedir" value="/Users/hajorasltd/IdeaProjects/serenirt-bbd-api-tests"/>
    <property name="java.vm.compressedOopsMode" value="Zero based"/>
    <property name="line.separator" value="&#10;"/>
    <property name="java.vm.specification.vendor" value="Oracle Corporation"/>
    <property name="java.specification.name" value="Java Platform API Specification"/>
    <property name="surefire.real.class.path" value="/Users/hajorasltd/IdeaProjects/serenirt-bbd-api-tests/target/surefire/surefirebooter-20240924213621949_3.jar"/>
    <property name="sun.management.compiler" value="HotSpot 64-Bit Tiered Compilers"/>
    <property name="ftp.nonProxyHosts" value="local|*.local|169.254/16|*.169.254/16"/>
    <property name="java.runtime.version" value="17+35"/>
    <property name="user.name" value="hajorasltd"/>
    <property name="path.separator" value=":"/>
    <property name="os.version" value="15.0"/>
    <property name="java.runtime.name" value="OpenJDK Runtime Environment"/>
    <property name="file.encoding" value="UTF-8"/>
    <property name="java.vm.name" value="OpenJDK 64-Bit Server VM"/>
    <property name="java.vendor.version" value="Temurin-17+35"/>
    <property name="localRepository" value="/Users/hajorasltd/.m2/repository"/>
    <property name="java.vendor.url.bug" value="https://github.com/adoptium/adoptium-support/issues"/>
    <property name="java.io.tmpdir" value="/var/folders/93/25d_fnbj3q748wvhtfwwc7ww0000gn/T/"/>
    <property name="java.version" value="17"/>
    <property name="user.dir" value="/Users/hajorasltd/IdeaProjects/serenirt-bbd-api-tests"/>
    <property name="os.arch" value="aarch64"/>
    <property name="java.vm.specification.name" value="Java Virtual Machine Specification"/>
    <property name="native.encoding" value="UTF-8"/>
    <property name="java.library.path" value="/Users/hajorasltd/Library/Java/Extensions:/Library/Java/Extensions:/Network/Library/Java/Extensions:/System/Library/Java/Extensions:/usr/lib/java:."/>
    <property name="java.vm.info" value="mixed mode"/>
    <property name="java.vendor" value="Eclipse Adoptium"/>
    <property name="java.vm.version" value="17+35"/>
    <property name="sun.io.unicode.encoding" value="UnicodeBig"/>
    <property name="socksNonProxyHosts" value="local|*.local|169.254/16|*.169.254/16"/>
    <property name="java.class.version" value="61.0"/>
  </properties>
  <testcase name="verifyCreateNewStudent10" classname="com.serenity.apiTests.CreateStudentTest" time="1.159">
    <system-out><![CDATA[21:36:22.849 [main] INFO  n.thucydides.core.steps.StepEventBus - Loading JUnit Platform configuration parameters from classpath resource [junit-platform.properties].
Request method:	POST
Request URI:	http://localhost:8080/student
Proxy:			<none>
Request params:	<none>
Query params:	<none>
Form params:	<none>
Path params:	<none>
Headers:		Accept=*/*
				Content-Type=application/json; charset=UTF-8
Cookies:		<none>
Multiparts:		<none>
Body:
{
    "firstName": "Murphy",
    "lastName": "Holmes",
    "courses": [
        "Accounting",
        "Statistics"
    ],
    "id": "187",
    "programme": "Financial Analysis",
    "email": "ikm5dEUl@mail.com"
}
HTTP/1.1 201 
Location: http://localhost:8080/student/187
Content-Type: application/json
Transfer-Encoding: chunked
Date: Tue, 24 Sep 2024 20:36:24 GMT
Keep-Alive: timeout=60
Connection: keep-alive

{
    "msg": "Student added"
}
Test10 main
]]></system-out>
  </testcase>
  <testcase name="verifyCreateNewStudent2" classname="com.serenity.apiTests.CreateStudentTest" time="0.023">
    <system-out><![CDATA[Request method:	POST
Request URI:	http://localhost:8080/student
Proxy:			<none>
Request params:	<none>
Query params:	<none>
Form params:	<none>
Path params:	<none>
Headers:		Accept=*/*
				Content-Type=application/json; charset=UTF-8
Cookies:		<none>
Multiparts:		<none>
Body:
{
    "firstName": "Murphy",
    "lastName": "Holmes",
    "courses": [
        "Accounting",
        "Statistics"
    ],
    "id": "119",
    "programme": "Financial Analysis",
    "email": "iPYGoz6s@mail.com"
}
HTTP/1.1 201 
Location: http://localhost:8080/student/119
Content-Type: application/json
Transfer-Encoding: chunked
Date: Tue, 24 Sep 2024 20:36:24 GMT
Keep-Alive: timeout=60
Connection: keep-alive

{
    "msg": "Student added"
}
Test2 main
]]></system-out>
  </testcase>
  <testcase name="verifyCreateNewStudent3" classname="com.serenity.apiTests.CreateStudentTest" time="0.017">
    <system-out><![CDATA[Request method:	POST
Request URI:	http://localhost:8080/student
Proxy:			<none>
Request params:	<none>
Query params:	<none>
Form params:	<none>
Path params:	<none>
Headers:		Accept=*/*
				Content-Type=application/json; charset=UTF-8
Cookies:		<none>
Multiparts:		<none>
Body:
{
    "firstName": "Murphy",
    "lastName": "Holmes",
    "courses": [
        "Accounting",
        "Statistics"
    ],
    "id": "603",
    "programme": "Financial Analysis",
    "email": "CJe8JEHH@mail.com"
}
HTTP/1.1 201 
Location: http://localhost:8080/student/603
Content-Type: application/json
Transfer-Encoding: chunked
Date: Tue, 24 Sep 2024 20:36:24 GMT
Keep-Alive: timeout=60
Connection: keep-alive

{
    "msg": "Student added"
}
Test3 main
]]></system-out>
  </testcase>
  <testcase name="verifyCreateNewStudent4" classname="com.serenity.apiTests.CreateStudentTest" time="0.017">
    <system-out><![CDATA[Request method:	POST
Request URI:	http://localhost:8080/student
Proxy:			<none>
Request params:	<none>
Query params:	<none>
Form params:	<none>
Path params:	<none>
Headers:		Accept=*/*
				Content-Type=application/json; charset=UTF-8
Cookies:		<none>
Multiparts:		<none>
Body:
{
    "firstName": "Murphy",
    "lastName": "Holmes",
    "courses": [
        "Accounting",
        "Statistics"
    ],
    "id": "591",
    "programme": "Financial Analysis",
    "email": "tiO8Wewd@mail.com"
}
HTTP/1.1 201 
Location: http://localhost:8080/student/591
Content-Type: application/json
Transfer-Encoding: chunked
Date: Tue, 24 Sep 2024 20:36:24 GMT
Keep-Alive: timeout=60
Connection: keep-alive

{
    "msg": "Student added"
}
Test4 main
]]></system-out>
  </testcase>
  <testcase name="verifyCreateNewStudent5" classname="com.serenity.apiTests.CreateStudentTest" time="0.024">
    <system-out><![CDATA[Request method:	POST
Request URI:	http://localhost:8080/student
Proxy:			<none>
Request params:	<none>
Query params:	<none>
Form params:	<none>
Path params:	<none>
Headers:		Accept=*/*
				Content-Type=application/json; charset=UTF-8
Cookies:		<none>
Multiparts:		<none>
Body:
{
    "firstName": "Murphy",
    "lastName": "Holmes",
    "courses": [
        "Accounting",
        "Statistics"
    ],
    "id": "436",
    "programme": "Financial Analysis",
    "email": "ujfSaJMw@mail.com"
}
HTTP/1.1 201 
Location: http://localhost:8080/student/436
Content-Type: application/json
Transfer-Encoding: chunked
Date: Tue, 24 Sep 2024 20:36:24 GMT
Keep-Alive: timeout=60
Connection: keep-alive

{
    "msg": "Student added"
}
Test5 main
]]></system-out>
  </testcase>
  <testcase name="verifyCreateNewStudent6" classname="com.serenity.apiTests.CreateStudentTest" time="0.017">
    <system-out><![CDATA[Request method:	POST
Request URI:	http://localhost:8080/student
Proxy:			<none>
Request params:	<none>
Query params:	<none>
Form params:	<none>
Path params:	<none>
Headers:		Accept=*/*
				Content-Type=application/json; charset=UTF-8
Cookies:		<none>
Multiparts:		<none>
Body:
{
    "firstName": "Murphy",
    "lastName": "Holmes",
    "courses": [
        "Accounting",
        "Statistics"
    ],
    "id": "214",
    "programme": "Financial Analysis",
    "email": "S0OtXJZs@mail.com"
}
HTTP/1.1 201 
Location: http://localhost:8080/student/214
Content-Type: application/json
Transfer-Encoding: chunked
Date: Tue, 24 Sep 2024 20:36:24 GMT
Keep-Alive: timeout=60
Connection: keep-alive

{
    "msg": "Student added"
}
Test6 main
]]></system-out>
  </testcase>
  <testcase name="verifyCreateNewStudent7" classname="com.serenity.apiTests.CreateStudentTest" time="0.014">
    <system-out><![CDATA[Request method:	POST
Request URI:	http://localhost:8080/student
Proxy:			<none>
Request params:	<none>
Query params:	<none>
Form params:	<none>
Path params:	<none>
Headers:		Accept=*/*
				Content-Type=application/json; charset=UTF-8
Cookies:		<none>
Multiparts:		<none>
Body:
{
    "firstName": "Murphy",
    "lastName": "Holmes",
    "courses": [
        "Accounting",
        "Statistics"
    ],
    "id": "139",
    "programme": "Financial Analysis",
    "email": "az8ASC3i@mail.com"
}
HTTP/1.1 201 
Location: http://localhost:8080/student/139
Content-Type: application/json
Transfer-Encoding: chunked
Date: Tue, 24 Sep 2024 20:36:24 GMT
Keep-Alive: timeout=60
Connection: keep-alive

{
    "msg": "Student added"
}
Test7 main
]]></system-out>
  </testcase>
  <testcase name="verifyCreateNewStudent8" classname="com.serenity.apiTests.CreateStudentTest" time="0.015">
    <system-out><![CDATA[Request method:	POST
Request URI:	http://localhost:8080/student
Proxy:			<none>
Request params:	<none>
Query params:	<none>
Form params:	<none>
Path params:	<none>
Headers:		Accept=*/*
				Content-Type=application/json; charset=UTF-8
Cookies:		<none>
Multiparts:		<none>
Body:
{
    "firstName": "Murphy",
    "lastName": "Holmes",
    "courses": [
        "Accounting",
        "Statistics"
    ],
    "id": "958",
    "programme": "Financial Analysis",
    "email": "SKjr6SX1@mail.com"
}
HTTP/1.1 201 
Location: http://localhost:8080/student/958
Content-Type: application/json
Transfer-Encoding: chunked
Date: Tue, 24 Sep 2024 20:36:24 GMT
Keep-Alive: timeout=60
Connection: keep-alive

{
    "msg": "Student added"
}
Test8 main
]]></system-out>
  </testcase>
  <testcase name="verifyCreateNewStudent9" classname="com.serenity.apiTests.CreateStudentTest" time="0.016">
    <system-out><![CDATA[Request method:	POST
Request URI:	http://localhost:8080/student
Proxy:			<none>
Request params:	<none>
Query params:	<none>
Form params:	<none>
Path params:	<none>
Headers:		Accept=*/*
				Content-Type=application/json; charset=UTF-8
Cookies:		<none>
Multiparts:		<none>
Body:
{
    "firstName": "Murphy",
    "lastName": "Holmes",
    "courses": [
        "Accounting",
        "Statistics"
    ],
    "id": "184",
    "programme": "Financial Analysis",
    "email": "U16VbYDr@mail.com"
}
HTTP/1.1 201 
Location: http://localhost:8080/student/184
Content-Type: application/json
Transfer-Encoding: chunked
Date: Tue, 24 Sep 2024 20:36:24 GMT
Keep-Alive: timeout=60
Connection: keep-alive

{
    "msg": "Student added"
}
Test9 main
]]></system-out>
  </testcase>
  <testcase name="verifyCreateNewStudent" classname="com.serenity.apiTests.CreateStudentTest" time="0.013">
    <system-out><![CDATA[Request method:	POST
Request URI:	http://localhost:8080/student
Proxy:			<none>
Request params:	<none>
Query params:	<none>
Form params:	<none>
Path params:	<none>
Headers:		Accept=*/*
				Content-Type=application/json; charset=UTF-8
Cookies:		<none>
Multiparts:		<none>
Body:
{
    "firstName": "Murphy",
    "lastName": "Holmes",
    "courses": [
        "Accounting",
        "Statistics"
    ],
    "id": "822",
    "programme": "Financial Analysis",
    "email": "CKXHGc0v@mail.com"
}
HTTP/1.1 201 
Location: http://localhost:8080/student/822
Content-Type: application/json
Transfer-Encoding: chunked
Date: Tue, 24 Sep 2024 20:36:24 GMT
Keep-Alive: timeout=60
Connection: keep-alive

{
    "msg": "Student added"
}
Test1 main
]]></system-out>
  </testcase>
</testsuite>